<?xml version="1.0" encoding="UTF-8"?>
<!-- Generated by org.testng.reporters.JUnitXMLReporter -->
<testsuite ignored="0" hostname="QSP" failures="1" tests="3" name="Test" time="57.286" errors="0" timestamp="2021-06-30T10:12:18 IST">
  <testcase classname="testng.Testcase1" name="login" time="7.539">
    <failure type="java.lang.AssertionError" message="expected [rftghtytytyy] but found [Facebook ಗೆ ಲಾಗಿನ್ ಮಾಡಿ]">
      <![CDATA[java.lang.AssertionError: expected [rftghtytytyy] but found [Facebook ಗೆ ಲಾಗಿನ್ ಮಾಡಿ]
at testng.Testcase1.login(Testcase1.java:34)
at java.base/java.util.ArrayList.forEach(ArrayList.java:1511)
... Removed 32 stack frames]]>
    </failure>
  </testcase> <!-- login -->
  <testcase classname="testng.Testcase2" name="forgotpassword" time="6.854"/>
  <testcase classname="testng.Testcase3" name="tc3" time="7.978"/>
</testsuite> <!-- Test -->
