<?xml version="1.0" encoding="UTF-8"?>
<testng-results ignored="0" total="1" passed="1" failed="0" skipped="0">
  <reporter-output>
    <line>
      <![CDATA[Facebook ಗೆ ಲಾಗಿನ್ ಮಾಡಿ]]>
    </line>
    <line>
      <![CDATA[https://www.facebook.com/login/?privacy_mutation_token=eyJ0eXBlIjowLCJjcmVhdGlvbl90aW1lIjoxNjI1MDI4MzMyLCJjYWxsc2l0ZV9pZCI6MzgxMjI5MDc5NTc1OTQ2fQ%3D%3D]]>
    </line>
  </reporter-output>
  <suite started-at="2021-06-30T10:15:25 IST" name="Failed suite [Suite]" finished-at="2021-06-30T10:15:46 IST" duration-ms="20656">
    <groups>
    </groups>
    <test started-at="2021-06-30T10:15:25 IST" name="Test(failed)" finished-at="2021-06-30T10:15:46 IST" duration-ms="20656">
      <class name="testng.Testcase1">
        <test-method is-config="true" signature="openapp()[pri:0, instance:testng.Testcase1@28975c28]" started-at="2021-06-30T10:15:25 IST" name="openapp" finished-at="2021-06-30T10:15:34 IST" duration-ms="8769" status="PASS">
          <reporter-output>
          </reporter-output>
        </test-method> <!-- openapp -->
        <test-method signature="login()[pri:0, instance:testng.Testcase1@28975c28]" started-at="2021-06-30T10:15:34 IST" name="login" finished-at="2021-06-30T10:15:41 IST" duration-ms="6957" status="PASS">
          <reporter-output>
            <line>
              <![CDATA[Facebook ಗೆ ಲಾಗಿನ್ ಮಾಡಿ]]>
            </line>
            <line>
              <![CDATA[https://www.facebook.com/login/?privacy_mutation_token=eyJ0eXBlIjowLCJjcmVhdGlvbl90aW1lIjoxNjI1MDI4MzMyLCJjYWxsc2l0ZV9pZCI6MzgxMjI5MDc5NTc1OTQ2fQ%3D%3D]]>
            </line>
          </reporter-output>
        </test-method> <!-- login -->
        <test-method is-config="true" signature="closeapp()[pri:0, instance:testng.Testcase1@28975c28]" started-at="2021-06-30T10:15:41 IST" name="closeapp" finished-at="2021-06-30T10:15:46 IST" duration-ms="4830" status="PASS">
          <reporter-output>
          </reporter-output>
        </test-method> <!-- closeapp -->
      </class> <!-- testng.Testcase1 -->
    </test> <!-- Test(failed) -->
  </suite> <!-- Failed suite [Suite] -->
</testng-results>
